
> hubx-exam-backend@1.0.0 dev
> tsx watch src/server.ts

node:events:497
      throw er; // Unhandled 'error' event
      ^

Error: listen EADDRINUSE: address already in use :::8000
    at Server.setupListenHandle [as _listen2] (node:net:1940:16)
    at listenInCluster (node:net:1997:12)
    at Server.listen (node:net:2102:7)
    at <anonymous> (E:\Hubx_Project\Hubx_backend\src\server.ts:24:27)
    at ModuleJob.run (node:internal/modules/esm/module_job:345:25)
    at async onImport.tracePromise.__proto__ (node:internal/modules/esm/loader:651:26)
    at async asyncRunEntryPointWithESMLoader (node:internal/modules/run_main:117:5)
Emitted 'error' event on Server instance at:
    at emitErrorNT (node:net:1976:8)
    at process.processTicksAndRejections (node:internal/process/task_queues:90:21) {
  code: 'EADDRINUSE',
  errno: -4091,
  syscall: 'listen',
  address: '::',
  port: 8000
}

Node.js v22.19.0
12:04:52 pm [tsx] change in ./src\modules\teacher\teacher.controller.ts Rerunning...
cnode:events:497
      throw er; // Unhandled 'error' event
      ^

Error: listen EADDRINUSE: address already in use :::8000
    at Server.setupListenHandle [as _listen2] (node:net:1940:16)
    at listenInCluster (node:net:1997:12)
    at Server.listen (node:net:2102:7)
    at <anonymous> (E:\Hubx_Project\Hubx_backend\src\server.ts:24:27)
    at ModuleJob.run (node:internal/modules/esm/module_job:345:25)
    at async onImport.tracePromise.__proto__ (node:internal/modules/esm/loader:651:26)
    at async asyncRunEntryPointWithESMLoader (node:internal/modules/run_main:117:5)
Emitted 'error' event on Server instance at:
    at emitErrorNT (node:net:1976:8)
    at process.processTicksAndRejections (node:internal/process/task_queues:90:21) {
  code: 'EADDRINUSE',
  errno: -4091,
  syscall: 'listen',
  address: '::',
  port: 8000
}

Node.js v22.19.0
12:05:02 pm [tsx] change in ./src\modules\teacher\paper.service.ts Rerunning...
cnode:events:497
      throw er; // Unhandled 'error' event
      ^

Error: listen EADDRINUSE: address already in use :::8000
    at Server.setupListenHandle [as _listen2] (node:net:1940:16)
    at listenInCluster (node:net:1997:12)
    at Server.listen (node:net:2102:7)
    at <anonymous> (E:\Hubx_Project\Hubx_backend\src\server.ts:24:27)
    at ModuleJob.run (node:internal/modules/esm/module_job:345:25)
    at async onImport.tracePromise.__proto__ (node:internal/modules/esm/loader:651:26)
    at async asyncRunEntryPointWithESMLoader (node:internal/modules/run_main:117:5)
Emitted 'error' event on Server instance at:
    at emitErrorNT (node:net:1976:8)
    at process.processTicksAndRejections (node:internal/process/task_queues:90:21) {
  code: 'EADDRINUSE',
  errno: -4091,
  syscall: 'listen',
  address: '::',
  port: 8000
}

Node.js v22.19.0
12:05:21 pm [tsx] change in ./src\modules\teacher\paper.service.ts Rerunning...
cServer running on port 8000
Socket.IO initialized
Redis connected
[0mGET /api/notifications [36m304[0m 23.509 ms - -[0m
12:05:27 pm [tsx] change in ./src\modules\teacher\paper.service.ts Restarting...
cnode:events:497
      throw er; // Unhandled 'error' event
      ^

Error: listen EADDRINUSE: address already in use :::8000
    at Server.setupListenHandle [as _listen2] (node:net:1940:16)
    at listenInCluster (node:net:1997:12)
    at Server.listen (node:net:2102:7)
    at <anonymous> (E:\Hubx_Project\Hubx_backend\src\server.ts:24:27)
    at ModuleJob.run (node:internal/modules/esm/module_job:345:25)
    at async onImport.tracePromise.__proto__ (node:internal/modules/esm/loader:651:26)
    at async asyncRunEntryPointWithESMLoader (node:internal/modules/run_main:117:5)
Emitted 'error' event on Server instance at:
    at emitErrorNT (node:net:1976:8)
    at process.processTicksAndRejections (node:internal/process/task_queues:90:21) {
  code: 'EADDRINUSE',
  errno: -4091,
  syscall: 'listen',
  address: '::',
  port: 8000
}

Node.js v22.19.0
12:05:41 pm [tsx] change in ./src\modules\teacher\paper.service.ts Rerunning...
cnode:events:497
      throw er; // Unhandled 'error' event
      ^

Error: listen EADDRINUSE: address already in use :::8000
    at Server.setupListenHandle [as _listen2] (node:net:1940:16)
    at listenInCluster (node:net:1997:12)
    at Server.listen (node:net:2102:7)
    at <anonymous> (E:\Hubx_Project\Hubx_backend\src\server.ts:24:27)
    at ModuleJob.run (node:internal/modules/esm/module_job:345:25)
    at async onImport.tracePromise.__proto__ (node:internal/modules/esm/loader:651:26)
    at async asyncRunEntryPointWithESMLoader (node:internal/modules/run_main:117:5)
Emitted 'error' event on Server instance at:
    at emitErrorNT (node:net:1976:8)
    at process.processTicksAndRejections (node:internal/process/task_queues:90:21) {
  code: 'EADDRINUSE',
  errno: -4091,
  syscall: 'listen',
  address: '::',
  port: 8000
}

Node.js v22.19.0
